<?xml version="1.0" encoding="UTF-8"?>
<testsuite xmlns:xsi="http://www.w3.org/2001/XMLSchema-instance" xsi:noNamespaceSchemaLocation="https://maven.apache.org/surefire/maven-surefire-plugin/xsd/surefire-test-report-3.0.xsd" version="3.0" name="utils.TestRunner" time="42.266" tests="4" errors="0" skipped="0" failures="1">
  <properties>
[...]
</properties>
  <testcase name="TC 1.1 User login with invalid data" classname="Login" time="9.746">
    <system-out><![CDATA[
@Login @SmokeTest @TC_1.1
Scenario Outline: TC 1.1 User login with invalid data                                                   &amp#27;[90m# src/test/resources/features/Login.feature:18&amp#27;[0m
  &amp#27;[32mGiven &amp#27;[0m&amp#27;[32mI am on the login page&amp#27;[0m                                                                          &amp#27;[90m# stepsDefinition.loginSteps.iAmOnTheLoginPage()&amp#27;[0m
  &amp#27;[32mWhen &amp#27;[0m&amp#27;[32mI input invalid username &amp#27;[0m&amp#27;[32m&amp#27;[1m"invalidUsername"&amp#27;[0m&amp#27;[32m and invalid password &amp#27;[0m&amp#27;[32m&amp#27;[1m"invalidPass123$"&amp#27;[0m                &amp#27;[90m# stepsDefinition.loginSteps.iInputInvalidUsernameAndInvalidPassword(java.lang.String,java.lang.String)&amp#27;[0m
  &amp#27;[32mAnd &amp#27;[0m&amp#27;[32mI click the login button&amp#27;[0m                                                                          &amp#27;[90m# stepsDefinition.loginSteps.iClickLoginButton()&amp#27;[0m
  &amp#27;[32mThen &amp#27;[0m&amp#27;[32mI should see an error message &amp#27;[0m&amp#27;[32m&amp#27;[1m"Login failed! Please ensure the username and password are valid."&amp#27;[0m &amp#27;[90m# stepsDefinition.loginSteps.iShouldSeeMessage(java.lang.String)&amp#27;[0m
]]></system-out>
    <system-err><![CDATA[Jul 01, 2024 1:40:34 AM org.openqa.selenium.devtools.CdpVersionFinder findNearestMatch
WARNING: Unable to find an exact match for CDP version 126, returning the closest version; found: 125; Please update to a Selenium version that supports CDP version 126
]]></system-err>
  </testcase>
  <testcase name="TC 1.2 User login with valid data" classname="Login" time="9.21">
    <system-out><![CDATA[
@Login @SmokeTest @TC_1.2
Scenario Outline: TC 1.2 User login with valid data                              &amp#27;[90m# src/test/resources/features/Login.feature:27&amp#27;[0m
  &amp#27;[32mGiven &amp#27;[0m&amp#27;[32mI am on the login page&amp#27;[0m                                                   &amp#27;[90m# stepsDefinition.loginSteps.iAmOnTheLoginPage()&amp#27;[0m
  &amp#27;[32mWhen &amp#27;[0m&amp#27;[32mI input valid username &amp#27;[0m&amp#27;[32m&amp#27;[1m"John Doe"&amp#27;[0m&amp#27;[32m and valid password &amp#27;[0m&amp#27;[32m&amp#27;[1m"ThisIsNotAPassword"&amp#27;[0m &amp#27;[90m# stepsDefinition.loginSteps.iInputValidUsernameAndValidPassword(java.lang.String,java.lang.String)&amp#27;[0m
  &amp#27;[32mAnd &amp#27;[0m&amp#27;[32mI click the login button&amp#27;[0m                                                   &amp#27;[90m# stepsDefinition.loginSteps.iClickLoginButton()&amp#27;[0m
  &amp#27;[32mThen &amp#27;[0m&amp#27;[32mI should be redirected to the home page (Make Appointment)&amp#27;[0m                &amp#27;[90m# stepsDefinition.loginSteps.iShouldBeRedirectedToHomePageMakeAppointment()&amp#27;[0m
]]></system-out>
    <system-err><![CDATA[Jul 01, 2024 1:40:43 AM org.openqa.selenium.devtools.CdpVersionFinder findNearestMatch
WARNING: Unable to find an exact match for CDP version 126, returning the closest version; found: 125; Please update to a Selenium version that supports CDP version 126
]]></system-err>
  </testcase>
  <testcase name="TC 2.1 User Makes Appointment - without inputting mandatory field" classname="Make Appointment" time="11.364">
    <system-out><![CDATA[
@MakeAppointment @SmokeTest @TC_2.1
Scenario Outline: TC 2.1 User Makes Appointment - without inputting mandatory field              &amp#27;[90m# src/test/resources/features/Make Appointment.feature:26&amp#27;[0m
  &amp#27;[32mGiven &amp#27;[0m&amp#27;[32mI am on the login page&amp#27;[0m                                                                   &amp#27;[90m# stepsDefinition.loginSteps.iAmOnTheLoginPage()&amp#27;[0m
  &amp#27;[32mWhen &amp#27;[0m&amp#27;[32mI input valid username &amp#27;[0m&amp#27;[32m&amp#27;[1m"John Doe"&amp#27;[0m&amp#27;[32m and valid password &amp#27;[0m&amp#27;[32m&amp#27;[1m"ThisIsNotAPassword"&amp#27;[0m                 &amp#27;[90m# stepsDefinition.loginSteps.iInputValidUsernameAndValidPassword(java.lang.String,java.lang.String)&amp#27;[0m
  &amp#27;[32mAnd &amp#27;[0m&amp#27;[32mI click the login button&amp#27;[0m                                                                   &amp#27;[90m# stepsDefinition.loginSteps.iClickLoginButton()&amp#27;[0m
  &amp#27;[32mThen &amp#27;[0m&amp#27;[32mI should be redirected to the home page (Make Appointment)&amp#27;[0m                                &amp#27;[90m# stepsDefinition.loginSteps.iShouldBeRedirectedToHomePageMakeAppointment()&amp#27;[0m
  &amp#27;[32mAnd &amp#27;[0m&amp#27;[32mI click the button Make Appointment&amp#27;[0m                                                        &amp#27;[90m# stepsDefinition.appointmentSteps.iClickTheButtonMakeAppointment()&amp#27;[0m
  &amp#27;[32mThen &amp#27;[0m&amp#27;[32mI should see form Make Appointment&amp#27;[0m                                                        &amp#27;[90m# stepsDefinition.appointmentSteps.iShouldSeeFormMakeAppointment()&amp#27;[0m
  &amp#27;[32mAnd &amp#27;[0m&amp#27;[32mI clik Hongkong CURA Healthcare Center on facility&amp#27;[0m                                         &amp#27;[90m# stepsDefinition.appointmentSteps.iClickFacility()&amp#27;[0m
  &amp#27;[32mAnd &amp#27;[0m&amp#27;[32mI click the checkbox on Apply for hospital readmission&amp#27;[0m                                     &amp#27;[90m# stepsDefinition.appointmentSteps.iClickTheCheckbox()&amp#27;[0m
  &amp#27;[32mAnd &amp#27;[0m&amp#27;[32mI click the radio button Medicaid on Healthcare Program&amp#27;[0m                                    &amp#27;[90m# stepsDefinition.appointmentSteps.iClickTheRadioButton()&amp#27;[0m
without input field date
  &amp#27;[32mAnd &amp#27;[0m&amp#27;[32mI leave the date field empty&amp#27;[0m                                                               &amp#27;[90m# stepsDefinition.appointmentSteps.iLeaveTheDateFieldEmpty()&amp#27;[0m
  &amp#27;[32mAnd &amp#27;[0m&amp#27;[32mI input comment &amp#27;[0m&amp#27;[32m&amp#27;[1m"ini comment Hongkong"&amp#27;[0m                                                     &amp#27;[90m# stepsDefinition.appointmentSteps.iInputComment(java.lang.String)&amp#27;[0m
  &amp#27;[32mWhen &amp#27;[0m&amp#27;[32mI click the make appointment button&amp#27;[0m                                                       &amp#27;[90m# stepsDefinition.appointmentSteps.iClickTheMakeAppointmentButton()&amp#27;[0m
  &amp#27;[32mThen &amp#27;[0m&amp#27;[32mI should see an error &amp#27;[0m&amp#27;[32m&amp#27;[1m"Please fill out this field."&amp#27;[0m&amp#27;[32m indicating the date field is required&amp#27;[0m &amp#27;[90m# stepsDefinition.appointmentSteps.iShouldSeeAnErrorMessageIndicatingTheDateFieldIsRequired(java.lang.String)&amp#27;[0m
]]></system-out>
    <system-err><![CDATA[Jul 01, 2024 1:40:51 AM org.openqa.selenium.devtools.CdpVersionFinder findNearestMatch
WARNING: Unable to find an exact match for CDP version 126, returning the closest version; found: 125; Please update to a Selenium version that supports CDP version 126
]]></system-err>
  </testcase>
  <testcase name="TC 2.2 User Make Appointment - Success" classname="Make Appointment" time="9.89">
    <failure message="expected:&lt;Medica[id]&gt; but was:&lt;Medica[re]&gt;" type="org.junit.ComparisonFailure"><![CDATA[org.junit.ComparisonFailure: expected:<Medica[id]> but was:<Medica[re]>
	at org.junit.Assert.assertEquals(Assert.java:117)
	at org.junit.Assert.assertEquals(Assert.java:146)
	at stepsDefinition.appointmentSteps.iShouldBeRedirectedToTheAppointmentConfirmationPage(appointmentSteps.java:80)
	at ✽.I should be redirected to the Appointment Confirmation page(file:///C:/Dev/Selenium%20Java/CuraCucumber/src/test/resources/features/Make%20Appointment.feature:42)
]]></failure>
    <system-out><![CDATA[
@MakeAppointment @SmokeTest @TC_2.2
Scenario Outline: TC 2.2 User Make Appointment - Success                         &amp#27;[90m# src/test/resources/features/Make Appointment.feature:45&amp#27;[0m
  &amp#27;[32mGiven &amp#27;[0m&amp#27;[32mI am on the login page&amp#27;[0m                                                   &amp#27;[90m# stepsDefinition.loginSteps.iAmOnTheLoginPage()&amp#27;[0m
  &amp#27;[32mWhen &amp#27;[0m&amp#27;[32mI input valid username &amp#27;[0m&amp#27;[32m&amp#27;[1m"John Doe"&amp#27;[0m&amp#27;[32m and valid password &amp#27;[0m&amp#27;[32m&amp#27;[1m"ThisIsNotAPassword"&amp#27;[0m &amp#27;[90m# stepsDefinition.loginSteps.iInputValidUsernameAndValidPassword(java.lang.String,java.lang.String)&amp#27;[0m
  &amp#27;[32mAnd &amp#27;[0m&amp#27;[32mI click the login button&amp#27;[0m                                                   &amp#27;[90m# stepsDefinition.loginSteps.iClickLoginButton()&amp#27;[0m
  &amp#27;[32mThen &amp#27;[0m&amp#27;[32mI should be redirected to the home page (Make Appointment)&amp#27;[0m                &amp#27;[90m# stepsDefinition.loginSteps.iShouldBeRedirectedToHomePageMakeAppointment()&amp#27;[0m
  &amp#27;[32mAnd &amp#27;[0m&amp#27;[32mI click the button Make Appointment&amp#27;[0m                                        &amp#27;[90m# stepsDefinition.appointmentSteps.iClickTheButtonMakeAppointment()&amp#27;[0m
  &amp#27;[32mThen &amp#27;[0m&amp#27;[32mI should see form Make Appointment&amp#27;[0m                                        &amp#27;[90m# stepsDefinition.appointmentSteps.iShouldSeeFormMakeAppointment()&amp#27;[0m
  &amp#27;[32mAnd &amp#27;[0m&amp#27;[32mI clik Hongkong CURA Healthcare Center on facility&amp#27;[0m                         &amp#27;[90m# stepsDefinition.appointmentSteps.iClickFacility()&amp#27;[0m
  &amp#27;[32mAnd &amp#27;[0m&amp#27;[32mI click the checkbox on Apply for hospital readmission&amp#27;[0m                     &amp#27;[90m# stepsDefinition.appointmentSteps.iClickTheCheckbox()&amp#27;[0m
  &amp#27;[32mAnd &amp#27;[0m&amp#27;[32mI click the radio button Medicaid on Healthcare Program&amp#27;[0m                    &amp#27;[90m# stepsDefinition.appointmentSteps.iClickTheRadioButton()&amp#27;[0m
  &amp#27;[32mAnd &amp#27;[0m&amp#27;[32mI input the date &amp#27;[0m&amp#27;[32m&amp#27;[1m"18/06/2024"&amp#27;[0m                                              &amp#27;[90m# stepsDefinition.appointmentSteps.iInputTheDate(java.lang.String)&amp#27;[0m
  &amp#27;[32mAnd &amp#27;[0m&amp#27;[32mI input comment &amp#27;[0m&amp#27;[32m&amp#27;[1m"ini comment untuk testing"&amp#27;[0m                                &amp#27;[90m# stepsDefinition.appointmentSteps.iInputComment(java.lang.String)&amp#27;[0m
  &amp#27;[32mWhen &amp#27;[0m&amp#27;[32mI click the make appointment button&amp#27;[0m                                       &amp#27;[90m# stepsDefinition.appointmentSteps.iClickTheMakeAppointmentButton()&amp#27;[0m
  &amp#27;[31mThen &amp#27;[0m&amp#27;[31mI should be redirected to the Appointment Confirmation page&amp#27;[0m               &amp#27;[90m# stepsDefinition.appointmentSteps.iShouldBeRedirectedToTheAppointmentConfirmationPage()&amp#27;[0m
      &amp#27;[31morg.junit.ComparisonFailure: expected:<Medica[id]> but was:<Medica[re]>
	at org.junit.Assert.assertEquals(Assert.java:117)
	at org.junit.Assert.assertEquals(Assert.java:146)
	at stepsDefinition.appointmentSteps.iShouldBeRedirectedToTheAppointmentConfirmationPage(appointmentSteps.java:80)
	at ✽.I should be redirected to the Appointment Confirmation page(file:///C:/Dev/Selenium%20Java/CuraCucumber/src/test/resources/features/Make%20Appointment.feature:42)
&amp#27;[0m

    Embedding Screenshot on failure: TC 2.2 User Make Appointment - Success [image/png 75603 bytes]

]]></system-out>
    <system-err><![CDATA[Jul 01, 2024 1:41:02 AM org.openqa.selenium.devtools.CdpVersionFinder findNearestMatch
WARNING: Unable to find an exact match for CDP version 126, returning the closest version; found: 125; Please update to a Selenium version that supports CDP version 126
]]></system-err>
  </testcase>
</testsuite>